17:54:17:825  INFO 40392 --- [main] com.hmall.gateway.GatewayApplication     : The following 1 profile is active: "local"
17:54:18:279  INFO 40392 --- [main] o.s.cloud.context.scope.GenericScope     : BeanFactory id=f3992655-5d5d-3628-8942-d79751412408
17:54:18:321  INFO 40392 --- [main] trationDelegate$BeanPostProcessorChecker : Bean 'org.springframework.cloud.client.loadbalancer.reactive.LoadBalancerBeanPostProcessorAutoConfiguration' of type [org.springframework.cloud.client.loadbalancer.reactive.LoadBalancerBeanPostProcessorAutoConfiguration] is not eligible for getting processed by all BeanPostProcessors (for example: not eligible for auto-proxying)
17:54:18:322  INFO 40392 --- [main] trationDelegate$BeanPostProcessorChecker : Bean 'org.springframework.cloud.client.loadbalancer.reactive.LoadBalancerBeanPostProcessorAutoConfiguration$ReactorDeferringLoadBalancerFilterConfig' of type [org.springframework.cloud.client.loadbalancer.reactive.LoadBalancerBeanPostProcessorAutoConfiguration$ReactorDeferringLoadBalancerFilterConfig] is not eligible for getting processed by all BeanPostProcessors (for example: not eligible for auto-proxying)
17:54:18:331  INFO 40392 --- [main] trationDelegate$BeanPostProcessorChecker : Bean 'reactorDeferringLoadBalancerExchangeFilterFunction' of type [org.springframework.cloud.client.loadbalancer.reactive.DeferringLoadBalancerExchangeFilterFunction] is not eligible for getting processed by all BeanPostProcessors (for example: not eligible for auto-proxying)
17:54:18:744 DEBUG 40392 --- [main] c.h.gateway.route.DynamicRouteLoader     : 监听到路由配置变更，[
    {
        "id": "item",
        "predicates": [{
            "name": "Path",
            "args": {"_genkey_0":"/items/**", "_genkey_1":"/search/**"}
        }],
        "filters": [],
        "uri": "lb://item-service"
    },
    {
        "id": "cart",
        "predicates": [{
            "name": "Path",
            "args": {"_genkey_0":"/carts/**"}
        }],
        "filters": [],
        "uri": "lb://cart-service"
    },
    {
        "id": "user",
        "predicates": [{
            "name": "Path",
            "args": {"_genkey_0":"/users/**", "_genkey_1":"/addresses/**"}
        }],
        "filters": [],
        "uri": "lb://user-service"
    },
    {
        "id": "trade",
        "predicates": [{
            "name": "Path",
            "args": {"_genkey_0":"/orders/**"}
        }],
        "filters": [],
        "uri": "lb://trade-service"
    },
    {
        "id": "pay",
        "predicates": [{
            "name": "Path",
            "args": {"_genkey_0":"/pay-orders/**"}
        }],
        "filters": [],
        "uri": "lb://pay-service"
    }
]
17:54:20:259  INFO 40392 --- [main] o.s.c.g.r.RouteDefinitionRouteLocator    : Loaded RoutePredicateFactory [After]
17:54:20:259  INFO 40392 --- [main] o.s.c.g.r.RouteDefinitionRouteLocator    : Loaded RoutePredicateFactory [Before]
17:54:20:259  INFO 40392 --- [main] o.s.c.g.r.RouteDefinitionRouteLocator    : Loaded RoutePredicateFactory [Between]
17:54:20:259  INFO 40392 --- [main] o.s.c.g.r.RouteDefinitionRouteLocator    : Loaded RoutePredicateFactory [Cookie]
17:54:20:259  INFO 40392 --- [main] o.s.c.g.r.RouteDefinitionRouteLocator    : Loaded RoutePredicateFactory [Header]
17:54:20:259  INFO 40392 --- [main] o.s.c.g.r.RouteDefinitionRouteLocator    : Loaded RoutePredicateFactory [Host]
17:54:20:259  INFO 40392 --- [main] o.s.c.g.r.RouteDefinitionRouteLocator    : Loaded RoutePredicateFactory [Method]
17:54:20:259  INFO 40392 --- [main] o.s.c.g.r.RouteDefinitionRouteLocator    : Loaded RoutePredicateFactory [Path]
17:54:20:259  INFO 40392 --- [main] o.s.c.g.r.RouteDefinitionRouteLocator    : Loaded RoutePredicateFactory [Query]
17:54:20:259  INFO 40392 --- [main] o.s.c.g.r.RouteDefinitionRouteLocator    : Loaded RoutePredicateFactory [ReadBody]
17:54:20:259  INFO 40392 --- [main] o.s.c.g.r.RouteDefinitionRouteLocator    : Loaded RoutePredicateFactory [RemoteAddr]
17:54:20:259  INFO 40392 --- [main] o.s.c.g.r.RouteDefinitionRouteLocator    : Loaded RoutePredicateFactory [XForwardedRemoteAddr]
17:54:20:259  INFO 40392 --- [main] o.s.c.g.r.RouteDefinitionRouteLocator    : Loaded RoutePredicateFactory [Weight]
17:54:20:259  INFO 40392 --- [main] o.s.c.g.r.RouteDefinitionRouteLocator    : Loaded RoutePredicateFactory [CloudFoundryRouteService]
17:54:21:241  INFO 40392 --- [main] com.alibaba.nacos.common.remote.client   : [RpcClientFactory] create a new rpc client of 5d9ac529-4930-44ff-bc26-40a667cc499c
17:54:21:242  INFO 40392 --- [main] com.alibaba.nacos.common.remote.client   : [5d9ac529-4930-44ff-bc26-40a667cc499c] RpcClient init label, labels = {module=naming, source=sdk}
17:54:21:244  INFO 40392 --- [main] com.alibaba.nacos.common.remote.client   : [5d9ac529-4930-44ff-bc26-40a667cc499c] RpcClient init, ServerListFactory = com.alibaba.nacos.client.naming.core.ServerListManager
17:54:21:244  INFO 40392 --- [main] com.alibaba.nacos.common.remote.client   : [5d9ac529-4930-44ff-bc26-40a667cc499c] Registry connection listener to current client:com.alibaba.nacos.client.naming.remote.gprc.redo.NamingGrpcRedoService
17:54:21:244  INFO 40392 --- [main] com.alibaba.nacos.common.remote.client   : [5d9ac529-4930-44ff-bc26-40a667cc499c] Register server push request handler:com.alibaba.nacos.client.naming.remote.gprc.NamingPushRequestHandler
17:54:21:245  INFO 40392 --- [main] com.alibaba.nacos.common.remote.client   : [5d9ac529-4930-44ff-bc26-40a667cc499c] Try to connect to server on start up, server: {serverIp = '192.168.150.137', server main port = 8848}
17:54:21:377  INFO 40392 --- [main] com.alibaba.nacos.common.remote.client   : [5d9ac529-4930-44ff-bc26-40a667cc499c] Success to connect to server [192.168.150.137:8848] on start up, connectionId = 1726048458044_192.168.150.1_59249
17:54:21:377  INFO 40392 --- [main] com.alibaba.nacos.common.remote.client   : [5d9ac529-4930-44ff-bc26-40a667cc499c] Register server push request handler:com.alibaba.nacos.common.remote.client.RpcClient$ConnectResetRequestHandler
17:54:21:377  INFO 40392 --- [main] com.alibaba.nacos.common.remote.client   : [5d9ac529-4930-44ff-bc26-40a667cc499c] Register server push request handler:com.alibaba.nacos.common.remote.client.RpcClient$$Lambda$465/0x000000080043d840
17:54:21:377  INFO 40392 --- [com.alibaba.nacos.client.remote.worker] com.alibaba.nacos.common.remote.client   : [5d9ac529-4930-44ff-bc26-40a667cc499c] Notify connected event to listeners.
17:54:22:003  INFO 40392 --- [nacos-grpc-client-executor-4] com.alibaba.nacos.common.remote.client   : [5d9ac529-4930-44ff-bc26-40a667cc499c] Receive server push request, request = NotifySubscriberRequest, requestId = 23
17:54:22:005  INFO 40392 --- [nacos-grpc-client-executor-4] com.alibaba.nacos.common.remote.client   : [5d9ac529-4930-44ff-bc26-40a667cc499c] Ack server push request, request = NotifySubscriberRequest, requestId = 23
17:54:22:315  INFO 40392 --- [main] o.s.b.web.embedded.netty.NettyWebServer  : Netty started on port 8080
17:54:24:473  INFO 40392 --- [main] c.a.c.n.registry.NacosServiceRegistry    : nacos registry, DEFAULT_GROUP hm-gateway 192.168.150.1:8080 register finished
17:54:24:497  INFO 40392 --- [main] com.hmall.gateway.GatewayApplication     : Started GatewayApplication in 10.695 seconds (JVM running for 11.634)
17:54:24:501  INFO 40392 --- [main] c.a.c.n.refresh.NacosContextRefresher    : [Nacos Config] Listening config: dataId=hm-gateway-local.yaml, group=DEFAULT_GROUP
17:54:24:503  INFO 40392 --- [main] c.a.c.n.refresh.NacosContextRefresher    : [Nacos Config] Listening config: dataId=hm-gateway, group=DEFAULT_GROUP
17:54:24:504  INFO 40392 --- [main] c.a.c.n.refresh.NacosContextRefresher    : [Nacos Config] Listening config: dataId=hm-gateway.yaml, group=DEFAULT_GROUP
17:54:25:011  INFO 40392 --- [nacos-grpc-client-executor-8] com.alibaba.nacos.common.remote.client   : [5d9ac529-4930-44ff-bc26-40a667cc499c] Receive server push request, request = NotifySubscriberRequest, requestId = 24
17:54:25:018  INFO 40392 --- [nacos-grpc-client-executor-8] com.alibaba.nacos.common.remote.client   : [5d9ac529-4930-44ff-bc26-40a667cc499c] Ack server push request, request = NotifySubscriberRequest, requestId = 24
17:54:43:358  INFO 40392 --- [nacos-grpc-client-executor-14] com.alibaba.nacos.common.remote.client   : [5d9ac529-4930-44ff-bc26-40a667cc499c] Receive server push request, request = NotifySubscriberRequest, requestId = 25
17:54:43:359  INFO 40392 --- [nacos-grpc-client-executor-14] com.alibaba.nacos.common.remote.client   : [5d9ac529-4930-44ff-bc26-40a667cc499c] Ack server push request, request = NotifySubscriberRequest, requestId = 25
17:54:54:744  INFO 40392 --- [nacos-grpc-client-executor-19] com.alibaba.nacos.common.remote.client   : [5d9ac529-4930-44ff-bc26-40a667cc499c] Receive server push request, request = NotifySubscriberRequest, requestId = 26
17:54:54:744  INFO 40392 --- [nacos-grpc-client-executor-19] com.alibaba.nacos.common.remote.client   : [5d9ac529-4930-44ff-bc26-40a667cc499c] Ack server push request, request = NotifySubscriberRequest, requestId = 26
17:55:15:312 ERROR 40392 --- [reactor-http-nio-10] a.w.r.e.AbstractErrorWebExceptionHandler : [15696f5d-6]  500 Server Error for HTTP GET "/search/list?pageNo=1&pageSize=1"

io.netty.channel.AbstractChannel$AnnotatedConnectException: Connection timed out: no further information: /172.16.24.13:8081
	Suppressed: reactor.core.publisher.FluxOnAssembly$OnAssemblyException: 
Error has been observed at the following site(s):
	*__checkpoint ⇢ org.springframework.cloud.gateway.filter.WeightCalculatorWebFilter [DefaultWebFilterChain]
	*__checkpoint ⇢ HTTP GET "/search/list?pageNo=1&pageSize=1" [ExceptionHandlingWebHandler]
Original Stack Trace:
Caused by: java.net.ConnectException: Connection timed out: no further information
	at java.base/sun.nio.ch.SocketChannelImpl.checkConnect(Native Method) ~[na:na]
	at java.base/sun.nio.ch.SocketChannelImpl.finishConnect(SocketChannelImpl.java:777) ~[na:na]
	at io.netty.channel.socket.nio.NioSocketChannel.doFinishConnect(NioSocketChannel.java:337) ~[netty-transport-4.1.92.Final.jar:4.1.92.Final]
	at io.netty.channel.nio.AbstractNioChannel$AbstractNioUnsafe.finishConnect(AbstractNioChannel.java:334) ~[netty-transport-4.1.92.Final.jar:4.1.92.Final]
	at io.netty.channel.nio.NioEventLoop.processSelectedKey(NioEventLoop.java:776) ~[netty-transport-4.1.92.Final.jar:4.1.92.Final]
	at io.netty.channel.nio.NioEventLoop.processSelectedKeysOptimized(NioEventLoop.java:724) ~[netty-transport-4.1.92.Final.jar:4.1.92.Final]
	at io.netty.channel.nio.NioEventLoop.processSelectedKeys(NioEventLoop.java:650) ~[netty-transport-4.1.92.Final.jar:4.1.92.Final]
	at io.netty.channel.nio.NioEventLoop.run(NioEventLoop.java:562) ~[netty-transport-4.1.92.Final.jar:4.1.92.Final]
	at io.netty.util.concurrent.SingleThreadEventExecutor$4.run(SingleThreadEventExecutor.java:997) ~[netty-common-4.1.92.Final.jar:4.1.92.Final]
	at io.netty.util.internal.ThreadExecutorMap$2.run(ThreadExecutorMap.java:74) ~[netty-common-4.1.92.Final.jar:4.1.92.Final]
	at io.netty.util.concurrent.FastThreadLocalRunnable.run(FastThreadLocalRunnable.java:30) ~[netty-common-4.1.92.Final.jar:4.1.92.Final]
	at java.base/java.lang.Thread.run(Thread.java:829) ~[na:na]

17:59:09:208  INFO 40392 --- [nacos-grpc-client-executor-75] com.alibaba.nacos.common.remote.client   : [5d9ac529-4930-44ff-bc26-40a667cc499c] Receive server push request, request = NotifySubscriberRequest, requestId = 28
17:59:09:210  INFO 40392 --- [nacos-grpc-client-executor-75] com.alibaba.nacos.common.remote.client   : [5d9ac529-4930-44ff-bc26-40a667cc499c] Ack server push request, request = NotifySubscriberRequest, requestId = 28
17:59:18:590 ERROR 40392 --- [reactor-http-nio-14] a.w.r.e.AbstractErrorWebExceptionHandler : [15696f5d-9]  500 Server Error for HTTP GET "/search/list?pageNo=1&pageSize=1"

io.netty.channel.AbstractChannel$AnnotatedConnectException: Connection timed out: no further information: /172.16.24.13:8081
	Suppressed: reactor.core.publisher.FluxOnAssembly$OnAssemblyException: 
Error has been observed at the following site(s):
	*__checkpoint ⇢ org.springframework.cloud.gateway.filter.WeightCalculatorWebFilter [DefaultWebFilterChain]
	*__checkpoint ⇢ HTTP GET "/search/list?pageNo=1&pageSize=1" [ExceptionHandlingWebHandler]
Original Stack Trace:
Caused by: java.net.ConnectException: Connection timed out: no further information
	at java.base/sun.nio.ch.SocketChannelImpl.checkConnect(Native Method) ~[na:na]
	at java.base/sun.nio.ch.SocketChannelImpl.finishConnect(SocketChannelImpl.java:777) ~[na:na]
	at io.netty.channel.socket.nio.NioSocketChannel.doFinishConnect(NioSocketChannel.java:337) ~[netty-transport-4.1.92.Final.jar:4.1.92.Final]
	at io.netty.channel.nio.AbstractNioChannel$AbstractNioUnsafe.finishConnect(AbstractNioChannel.java:334) ~[netty-transport-4.1.92.Final.jar:4.1.92.Final]
	at io.netty.channel.nio.NioEventLoop.processSelectedKey(NioEventLoop.java:776) ~[netty-transport-4.1.92.Final.jar:4.1.92.Final]
	at io.netty.channel.nio.NioEventLoop.processSelectedKeysOptimized(NioEventLoop.java:724) ~[netty-transport-4.1.92.Final.jar:4.1.92.Final]
	at io.netty.channel.nio.NioEventLoop.processSelectedKeys(NioEventLoop.java:650) ~[netty-transport-4.1.92.Final.jar:4.1.92.Final]
	at io.netty.channel.nio.NioEventLoop.run(NioEventLoop.java:562) ~[netty-transport-4.1.92.Final.jar:4.1.92.Final]
	at io.netty.util.concurrent.SingleThreadEventExecutor$4.run(SingleThreadEventExecutor.java:997) ~[netty-common-4.1.92.Final.jar:4.1.92.Final]
	at io.netty.util.internal.ThreadExecutorMap$2.run(ThreadExecutorMap.java:74) ~[netty-common-4.1.92.Final.jar:4.1.92.Final]
	at io.netty.util.concurrent.FastThreadLocalRunnable.run(FastThreadLocalRunnable.java:30) ~[netty-common-4.1.92.Final.jar:4.1.92.Final]
	at java.base/java.lang.Thread.run(Thread.java:829) ~[na:na]

17:59:20:393  INFO 40392 --- [nacos-grpc-client-executor-77] com.alibaba.nacos.common.remote.client   : [5d9ac529-4930-44ff-bc26-40a667cc499c] Receive server push request, request = NotifySubscriberRequest, requestId = 31
17:59:20:395  INFO 40392 --- [nacos-grpc-client-executor-77] com.alibaba.nacos.common.remote.client   : [5d9ac529-4930-44ff-bc26-40a667cc499c] Ack server push request, request = NotifySubscriberRequest, requestId = 31
18:02:08:707  WARN 40392 --- [Thread-5] c.a.nacos.common.notify.NotifyCenter     : [NotifyCenter] Start destroying Publisher
18:02:08:707  WARN 40392 --- [Thread-1] c.a.n.common.http.HttpClientBeanHolder   : [HttpClientBeanHolder] Start destroying common HttpClient
18:02:08:707  WARN 40392 --- [Thread-5] c.a.nacos.common.notify.NotifyCenter     : [NotifyCenter] Destruction of the end
18:02:08:707  WARN 40392 --- [Thread-1] c.a.n.common.http.HttpClientBeanHolder   : [HttpClientBeanHolder] Destruction of the end
18:02:08:723  INFO 40392 --- [SpringApplicationShutdownHook] c.a.c.n.registry.NacosServiceRegistry    : De-registering from Nacos Server now...
18:02:08:729  INFO 40392 --- [SpringApplicationShutdownHook] c.a.c.n.registry.NacosServiceRegistry    : De-registration finished.
18:02:09:049  INFO 40392 --- [SpringApplicationShutdownHook] com.alibaba.nacos.common.remote.client   : Shutdown rpc client, set status to shutdown
18:02:09:049  INFO 40392 --- [SpringApplicationShutdownHook] com.alibaba.nacos.common.remote.client   : Shutdown client event executor java.util.concurrent.ScheduledThreadPoolExecutor@e68f000[Running, pool size = 2, active threads = 2, queued tasks = 0, completed tasks = 0]
18:02:09:049  INFO 40392 --- [SpringApplicationShutdownHook] com.alibaba.nacos.common.remote.client   : Close current connection 1726048458044_192.168.150.1_59249
18:02:09:052  INFO 40392 --- [SpringApplicationShutdownHook] c.a.n.c.remote.client.grpc.GrpcClient    : Shutdown grpc executor java.util.concurrent.ThreadPoolExecutor@3d79100a[Running, pool size = 4, active threads = 0, queued tasks = 0, completed tasks = 113]
